<?xml version="1.0" encoding="UTF-8"?>
<!-- Generated by org.testng.reporters.JUnitReportReporter -->
<testsuite hostname="SanjivKoiri" failures="0" tests="1" name="com.iloveimg.testCases.TC_Home" time="35.463" errors="0" timestamp="2024-07-18T17:18:16 IST" skipped="0">
  <testcase classname="com.iloveimg.testCases.TC_Home" name="test_HomePageElement" time="35.463"/>
  <system-out/>
</testsuite> <!-- com.iloveimg.testCases.TC_Home -->
